Size of short: 2 bytes
Size of char: 1 bytes
Size of long sn1: 8 bytes
Size of long sn2: 8 byte
Size of long int: 8 byte
Adress		 content (hex)	 content (dec)
------------------------------------------
0x7fff3e9e42be		0x34	52	
0x7fff3e9e42bf		0x12	18	
0x7fff3e9e42bd		0xffffff81	-127	
0x7fff3e9e42c0		0xffffff9c	-100	
0x7fff3e9e42c1		0xffffffb9	-71	
0x7fff3e9e42c2		0xf	15	
0x7fff3e9e42c3		00	0	
0x7fff3e9e42c4		00	0	
0x7fff3e9e42c5		00	0	
0x7fff3e9e42c6		00	0	
0x7fff3e9e42c7		00	0	
0x7fff3e9e42c8		0x1b	27	
0x7fff3e9e42c9		0x79	121	
0x7fff3e9e42ca		0xf	15	
0x7fff3e9e42cb		00	0	
0x7fff3e9e42cc		00	0	
0x7fff3e9e42cd		00	0	
0x7fff3e9e42ce		00	0	
0x7fff3e9e42cf		00	0	
0x7fff3e9e42d0		0x44	68	
0x7fff3e9e42d1		0x33	51	
0x7fff3e9e42d2		0x22	34	
0x7fff3e9e42d3		0x11	17	
0x7fff3e9e42d4		0x11	17	
0x7fff3e9e42d5		0x22	34	
0x7fff3e9e42d6		0x33	51	
0x7fff3e9e42d7		0x44	68	
